{"C:\\Users\\carlos.renan\\_projetos\\_github\\testing-library-practice-environment\\testing\\src\\index.tsx": {"path":"C:\\Users\\carlos.renan\\_projetos\\_github\\testing-library-practice-environment\\testing\\src\\index.tsx","statementMap":{"0":{"start":{"line":6,"column":13},"end":{"line":8,"column":1}},"1":{"start":{"line":9,"column":0},"end":{"line":13,"column":2}},"2":{"start":{"line":18,"column":0},"end":{"line":18,"column":18}}},"fnMap":{},"branchMap":{},"s":{"0":0,"1":0,"2":0},"f":{},"b":{}}
,"C:\\Users\\carlos.renan\\_projetos\\_github\\testing-library-practice-environment\\testing\\src\\reportWebVitals.ts": {"path":"C:\\Users\\carlos.renan\\_projetos\\_github\\testing-library-practice-environment\\testing\\src\\reportWebVitals.ts","statementMap":{"0":{"start":{"line":3,"column":24},"end":{"line":13,"column":1}},"1":{"start":{"line":4,"column":2},"end":{"line":12,"column":3}},"2":{"start":{"line":5,"column":4},"end":{"line":11,"column":7}},"3":{"start":{"line":6,"column":6},"end":{"line":6,"column":26}},"4":{"start":{"line":7,"column":6},"end":{"line":7,"column":26}},"5":{"start":{"line":8,"column":6},"end":{"line":8,"column":26}},"6":{"start":{"line":9,"column":6},"end":{"line":9,"column":26}},"7":{"start":{"line":10,"column":6},"end":{"line":10,"column":27}}},"fnMap":{"0":{"name":"(anonymous_0)","decl":{"start":{"line":3,"column":24},"end":{"line":3,"column":25}},"loc":{"start":{"line":3,"column":57},"end":{"line":13,"column":1}},"line":3},"1":{"name":"(anonymous_1)","decl":{"start":{"line":5,"column":30},"end":{"line":5,"column":31}},"loc":{"start":{"line":5,"column":79},"end":{"line":11,"column":5}},"line":5}},"branchMap":{"0":{"loc":{"start":{"line":4,"column":2},"end":{"line":12,"column":3}},"type":"if","locations":[{"start":{"line":4,"column":2},"end":{"line":12,"column":3}},{"start":{},"end":{}}],"line":4},"1":{"loc":{"start":{"line":4,"column":6},"end":{"line":4,"column":52}},"type":"binary-expr","locations":[{"start":{"line":4,"column":6},"end":{"line":4,"column":17}},{"start":{"line":4,"column":21},"end":{"line":4,"column":52}}],"line":4}},"s":{"0":0,"1":0,"2":0,"3":0,"4":0,"5":0,"6":0,"7":0},"f":{"0":0,"1":0},"b":{"0":[0,0],"1":[0,0]}}
,"C:\\Users\\carlos.renan\\_projetos\\_github\\testing-library-practice-environment\\testing\\src\\components\\CheckNumber\\index.tsx": {"path":"C:\\Users\\carlos.renan\\_projetos\\_github\\testing-library-practice-environment\\testing\\src\\components\\CheckNumber\\index.tsx","statementMap":{"0":{"start":{"line":3,"column":27},"end":{"line":40,"column":1}},"1":{"start":{"line":4,"column":30},"end":{"line":4,"column":43}},"2":{"start":{"line":5,"column":42},"end":{"line":5,"column":54}},"3":{"start":{"line":7,"column":17},"end":{"line":7,"column":43}},"4":{"start":{"line":9,"column":2},"end":{"line":39,"column":3}},"5":{"start":{"line":18,"column":27},"end":{"line":18,"column":45}},"6":{"start":{"line":20,"column":30},"end":{"line":20,"column":48}},"7":{"start":{"line":21,"column":10},"end":{"line":21,"column":29}},"8":{"start":{"line":23,"column":10},"end":{"line":26,"column":11}},"9":{"start":{"line":24,"column":12},"end":{"line":24,"column":59}},"10":{"start":{"line":25,"column":12},"end":{"line":25,"column":19}},"11":{"start":{"line":28,"column":10},"end":{"line":28,"column":29}}},"fnMap":{"0":{"name":"(anonymous_0)","decl":{"start":{"line":3,"column":27},"end":{"line":3,"column":28}},"loc":{"start":{"line":3,"column":33},"end":{"line":40,"column":1}},"line":3},"1":{"name":"(anonymous_1)","decl":{"start":{"line":17,"column":18},"end":{"line":17,"column":19}},"loc":{"start":{"line":17,"column":27},"end":{"line":29,"column":9}},"line":17}},"branchMap":{"0":{"loc":{"start":{"line":23,"column":10},"end":{"line":26,"column":11}},"type":"if","locations":[{"start":{"line":23,"column":10},"end":{"line":26,"column":11}},{"start":{},"end":{}}],"line":23},"1":{"loc":{"start":{"line":32,"column":9},"end":{"line":32,"column":33}},"type":"cond-expr","locations":[{"start":{"line":32,"column":18},"end":{"line":32,"column":23}},{"start":{"line":32,"column":26},"end":{"line":32,"column":33}}],"line":32}},"s":{"0":1,"1":19,"2":18,"3":18,"4":18,"5":12,"6":12,"7":12,"8":12,"9":9,"10":9,"11":3},"f":{"0":19,"1":12},"b":{"0":[9,3],"1":[7,11]},"_coverageSchema":"1a1c01bbd47fc00a2c39e90264f33305004495a9","hash":"dd36634fee30925749bf8d4a8b1c7fdc5fd71355"}
}
