TN:
SF:src\index.tsx
FNF:0
FNH:0
DA:6,0
DA:9,0
DA:18,0
LF:3
LH:0
BRF:0
BRH:0
end_of_record
TN:
SF:src\reportWebVitals.ts
FN:3,(anonymous_0)
FN:5,(anonymous_1)
FNF:2
FNH:0
FNDA:0,(anonymous_0)
FNDA:0,(anonymous_1)
DA:3,0
DA:4,0
DA:5,0
DA:6,0
DA:7,0
DA:8,0
DA:9,0
DA:10,0
LF:8
LH:0
BRDA:4,0,0,0
BRDA:4,0,1,0
BRDA:4,1,0,0
BRDA:4,1,1,0
BRF:4
BRH:0
end_of_record
TN:
SF:src\components\CheckNumber\index.tsx
FN:3,(anonymous_0)
FN:17,(anonymous_1)
FNF:2
FNH:2
FNDA:19,(anonymous_0)
FNDA:12,(anonymous_1)
DA:3,1
DA:4,19
DA:5,18
DA:7,18
DA:9,18
DA:18,12
DA:20,12
DA:21,12
DA:23,12
DA:24,9
DA:25,9
DA:28,3
LF:12
LH:12
BRDA:23,0,0,9
BRDA:23,0,1,3
BRDA:32,1,0,7
BRDA:32,1,1,11
BRF:4
BRH:4
end_of_record
